<?xml version="1.0" encoding="UTF-8"?>
<!-- Generated by org.testng.reporters.JUnitReportReporter -->
<testsuite hostname="DESKTOP-K7AUCDP" failures="0" tests="3" name="com.about_orangeHRM_project.AdminNationalities" time="16.432" errors="0" timestamp="2023-08-24T09:46:16 IST" skipped="0">
  <testcase classname="com.about_orangeHRM_project.AdminNationalities" name="testLogin" time="5.966"/>
  <system-out/>
  <testcase classname="com.about_orangeHRM_project.AdminNationalities" name="NationalitiesAdd" time="6.085"/>
  <system-out/>
  <testcase classname="com.about_orangeHRM_project.AdminNationalities" name="NationalitiesDelete" time="4.381"/>
  <system-out/>
</testsuite> <!-- com.about_orangeHRM_project.AdminNationalities -->
