<?xml version="1.0" encoding="UTF-8"?>
<!-- Generated by org.testng.reporters.JUnitReportReporter -->
<testsuite hostname="DESKTOP-K7AUCDP" failures="0" tests="2" name="com.about_orangeHRM_project.AdminSystemUsers" time="9.955" errors="0" timestamp="2023-08-24T10:33:06 IST" skipped="0">
  <testcase classname="com.about_orangeHRM_project.AdminSystemUsers" name="testLogin" time="4.009"/>
  <system-out/>
  <testcase classname="com.about_orangeHRM_project.AdminSystemUsers" name="editSystemUser" time="5.946"/>
  <system-out/>
</testsuite> <!-- com.about_orangeHRM_project.AdminSystemUsers -->
