<?xml version="1.0" encoding="UTF-8"?>
<!-- Generated by org.testng.reporters.JUnitReportReporter -->
<testsuite hostname="DESKTOP-K7AUCDP" failures="0" tests="2" name="com.about_orangeHRM_project.AdminBranding" time="13.996" errors="0" timestamp="2023-08-23T10:12:35 IST" skipped="0">
  <testcase classname="com.about_orangeHRM_project.AdminBranding" name="testLogin" time="8.520"/>
  <system-out/>
  <testcase classname="com.about_orangeHRM_project.AdminBranding" name="corporateBrand" time="5.476"/>
  <system-out/>
</testsuite> <!-- com.about_orangeHRM_project.AdminBranding -->
