<?xml version="1.0" encoding="UTF-8"?>
<!-- Generated by org.testng.reporters.JUnitReportReporter -->
<testsuite hostname="DESKTOP-K7AUCDP" failures="0" tests="6" name="com.about_orangeHRM_project.AdminUserManagement" time="16.325" errors="0" timestamp="2023-08-24T10:34:34 IST" skipped="0">
  <testcase classname="com.about_orangeHRM_project.AdminUserManagement" name="testLogin" time="3.987"/>
  <system-out/>
  <testcase classname="com.about_orangeHRM_project.AdminUserManagement" name="userName" time="3.760"/>
  <system-out/>
  <testcase classname="com.about_orangeHRM_project.AdminUserManagement" name="userRole" time="4.212"/>
  <system-out/>
  <testcase classname="com.about_orangeHRM_project.AdminUserManagement" name="employeeName" time="0.118"/>
  <system-out/>
  <testcase classname="com.about_orangeHRM_project.AdminUserManagement" name="status" time="4.200"/>
  <system-out/>
  <testcase classname="com.about_orangeHRM_project.AdminUserManagement" name="search" time="0.048"/>
  <system-out/>
</testsuite> <!-- com.about_orangeHRM_project.AdminUserManagement -->
