<?xml version="1.0" encoding="UTF-8"?>
<!-- Generated by org.testng.reporters.JUnitReportReporter -->
<testsuite hostname="DESKTOP-K7AUCDP" failures="0" tests="3" name="com.about_orangeHRM_project.AdminJob_JobTitle" time="20.508" errors="0" timestamp="2023-08-23T10:13:19 IST" skipped="0">
  <testcase classname="com.about_orangeHRM_project.AdminJob_JobTitle" name="testLogin" time="8.583"/>
  <system-out/>
  <testcase classname="com.about_orangeHRM_project.AdminJob_JobTitle" name="jobAdd" time="6.280"/>
  <system-out/>
  <testcase classname="com.about_orangeHRM_project.AdminJob_JobTitle" name="jobTitleEdit" time="5.645"/>
  <system-out/>
</testsuite> <!-- com.about_orangeHRM_project.AdminJob_JobTitle -->
