<?xml version="1.0" encoding="UTF-8"?>
<!-- Generated by org.testng.reporters.JUnitReportReporter -->
<testsuite hostname="DESKTOP-K7AUCDP" failures="0" tests="4" name="com.about_orangeHRM_project.AdminQualifications_Education" time="27.334" errors="0" timestamp="2023-08-24T11:12:14 IST" skipped="0">
  <testcase classname="com.about_orangeHRM_project.AdminQualifications_Education" name="testLogin" time="17.566"/>
  <system-out/>
  <testcase classname="com.about_orangeHRM_project.AdminQualifications_Education" name="qualificationsDropdowm" time="3.807"/>
  <system-out/>
  <testcase classname="com.about_orangeHRM_project.AdminQualifications_Education" name="addEducation" time="1.737"/>
  <system-out/>
  <testcase classname="com.about_orangeHRM_project.AdminQualifications_Education" name="deleteEducation" time="4.224"/>
  <system-out/>
</testsuite> <!-- com.about_orangeHRM_project.AdminQualifications_Education -->
